c:\users\emree\source\repos\kronometre\kronometre\x64\release\vc142.pdb
c:\users\emree\source\repos\kronometre\kronometre\x64\release\kronoemre.obj
c:\users\emree\source\repos\kronometre\x64\release\kronoemre.exe
c:\users\emree\source\repos\kronometre\kronometre\x64\release\kronoemre.ıpdb
c:\users\emree\source\repos\kronometre\kronometre\x64\release\kronoemre.ıobj
c:\users\emree\source\repos\kronometre\x64\release\kronoemre.pdb
c:\users\emree\source\repos\kronometre\kronometre\x64\release\kronometre.res
c:\users\emree\source\repos\kronometre\kronometre\x64\release\source.obj
c:\users\emree\source\repos\kronometre\kronometre\x64\release\kronoemre.ipdb
c:\users\emree\source\repos\kronometre\kronometre\x64\release\kronometre.ipdb
c:\users\emree\source\repos\kronometre\kronometre\x64\release\kronoemre.iobj
c:\users\emree\source\repos\kronometre\kronometre\x64\release\kronometre.iobj
c:\users\emree\source\repos\kronometre\kronometre\x64\release\kronoemre.tlog\cl.command.1.tlog
c:\users\emree\source\repos\kronometre\kronometre\x64\release\kronoemre.tlog\cl.read.1.tlog
c:\users\emree\source\repos\kronometre\kronometre\x64\release\kronoemre.tlog\cl.write.1.tlog
c:\users\emree\source\repos\kronometre\kronometre\x64\release\kronoemre.tlog\link.command.1.tlog
c:\users\emree\source\repos\kronometre\kronometre\x64\release\kronoemre.tlog\link.read.1.tlog
c:\users\emree\source\repos\kronometre\kronometre\x64\release\kronoemre.tlog\link.write.1.tlog
c:\users\emree\source\repos\kronometre\kronometre\x64\release\kronoemre.tlog\rc.command.1.tlog
c:\users\emree\source\repos\kronometre\kronometre\x64\release\kronoemre.tlog\rc.read.1.tlog
c:\users\emree\source\repos\kronometre\kronometre\x64\release\kronoemre.tlog\rc.write.1.tlog
